<?xml version="1.0" encoding="UTF-8"?>
<coverage generated="1649719796611" clover="3.2.0">
  <project timestamp="1649719796611" name="All files">
    <metrics statements="12" coveredstatements="12" conditionals="3" coveredconditionals="1" methods="9" coveredmethods="9" elements="24" coveredelements="22" complexity="0" loc="12" ncloc="12" packages="1" files="2" classes="2"/>
    <file name="Button.style.tsx" path="/Users/edermunhozsantos/workspace/monorepo-boilerplate/packages/components/src/button/Button.style.tsx">
      <metrics statements="9" coveredstatements="9" conditionals="0" coveredconditionals="0" methods="8" coveredmethods="8"/>
      <line num="3" count="1" type="stmt"/>
      <line num="5" count="1" type="stmt"/>
      <line num="6" count="1" type="stmt"/>
      <line num="13" count="1" type="stmt"/>
      <line num="14" count="1" type="stmt"/>
      <line num="18" count="1" type="stmt"/>
      <line num="25" count="1" type="stmt"/>
      <line num="30" count="1" type="stmt"/>
      <line num="35" count="1" type="stmt"/>
    </file>
    <file name="Button.tsx" path="/Users/edermunhozsantos/workspace/monorepo-boilerplate/packages/components/src/button/Button.tsx">
      <metrics statements="3" coveredstatements="3" conditionals="3" coveredconditionals="1" methods="1" coveredmethods="1"/>
      <line num="23" count="1" type="cond" truecount="0" falsecount="1"/>
      <line num="24" count="1" type="cond" truecount="1" falsecount="1"/>
      <line num="25" count="1" type="stmt"/>
    </file>
  </project>
</coverage>
