TN:
SF:src/button/Button.style.tsx
FN:5,(anonymous_0)
FN:6,(anonymous_1)
FN:13,(anonymous_2)
FN:14,(anonymous_3)
FN:18,(anonymous_4)
FN:25,(anonymous_5)
FN:30,(anonymous_6)
FN:35,(anonymous_7)
FNF:8
FNH:8
FNDA:1,(anonymous_0)
FNDA:1,(anonymous_1)
FNDA:1,(anonymous_2)
FNDA:1,(anonymous_3)
FNDA:1,(anonymous_4)
FNDA:1,(anonymous_5)
FNDA:1,(anonymous_6)
FNDA:1,(anonymous_7)
DA:3,1
DA:5,1
DA:6,1
DA:13,1
DA:14,1
DA:18,1
DA:25,1
DA:30,1
DA:35,1
LF:9
LH:9
BRF:0
BRH:0
end_of_record
TN:
SF:src/button/Button.tsx
FN:23,(anonymous_0)
FNF:1
FNH:1
FNDA:1,(anonymous_0)
DA:23,1
DA:24,1
DA:25,1
LF:3
LH:3
BRDA:23,0,0,0
BRDA:24,1,0,0
BRDA:24,1,1,1
BRF:3
BRH:1
end_of_record
