<?xml version="1.0" encoding="UTF-8"?>
<coverage generated="1655607118106" clover="3.2.0">
  <project timestamp="1655607118107" name="All files">
    <metrics statements="15" coveredstatements="15" conditionals="3" coveredconditionals="1" methods="11" coveredmethods="11" elements="29" coveredelements="27" complexity="0" loc="15" ncloc="15" packages="2" files="3" classes="3"/>
    <package name="button">
      <metrics statements="12" coveredstatements="12" conditionals="3" coveredconditionals="1" methods="9" coveredmethods="9"/>
      <file name="Button.style.tsx" path="/Users/edermunhozsantos/workspace/monorepo-boilerplate/packages/ui-components/src/button/Button.style.tsx">
        <metrics statements="9" coveredstatements="9" conditionals="0" coveredconditionals="0" methods="8" coveredmethods="8"/>
        <line num="3" count="1" type="stmt"/>
        <line num="5" count="1" type="stmt"/>
        <line num="6" count="1" type="stmt"/>
        <line num="13" count="1" type="stmt"/>
        <line num="14" count="1" type="stmt"/>
        <line num="18" count="1" type="stmt"/>
        <line num="25" count="1" type="stmt"/>
        <line num="30" count="1" type="stmt"/>
        <line num="35" count="1" type="stmt"/>
      </file>
      <file name="Button.tsx" path="/Users/edermunhozsantos/workspace/monorepo-boilerplate/packages/ui-components/src/button/Button.tsx">
        <metrics statements="3" coveredstatements="3" conditionals="3" coveredconditionals="1" methods="1" coveredmethods="1"/>
        <line num="23" count="1" type="cond" truecount="0" falsecount="1"/>
        <line num="24" count="1" type="cond" truecount="1" falsecount="1"/>
        <line num="25" count="1" type="stmt"/>
      </file>
    </package>
    <package name="configs">
      <metrics statements="3" coveredstatements="3" conditionals="0" coveredconditionals="0" methods="2" coveredmethods="2"/>
      <file name="test-utils.tsx" path="/Users/edermunhozsantos/workspace/monorepo-boilerplate/packages/ui-components/src/configs/test-utils.tsx">
        <metrics statements="3" coveredstatements="3" conditionals="0" coveredconditionals="0" methods="2" coveredmethods="2"/>
        <line num="7" count="1" type="stmt"/>
        <line num="8" count="1" type="stmt"/>
        <line num="15" count="1" type="stmt"/>
      </file>
    </package>
  </project>
</coverage>
