<?xml version="1.0" encoding="UTF-8"?>
<coverage generated="1625295687530" clover="3.2.0">
  <project timestamp="1625295687530" name="All files">
    <metrics statements="32" coveredstatements="32" conditionals="14" coveredconditionals="13" methods="22" coveredmethods="22" elements="68" coveredelements="67" complexity="0" loc="32" ncloc="32" packages="1" files="2" classes="2"/>
    <file name="Button.style.tsx" path="/Users/edermunhozsantos/workspace/monorepo-boilerplate/packages/ui-components/src/components/button/Button.style.tsx">
      <metrics statements="28" coveredstatements="28" conditionals="10" coveredconditionals="9" methods="21" coveredmethods="21"/>
      <line num="1" count="1" type="stmt"/>
      <line num="3" count="1" type="stmt"/>
      <line num="8" count="1" type="stmt"/>
      <line num="9" count="1" type="stmt"/>
      <line num="10" count="1" type="stmt"/>
      <line num="11" count="1" type="stmt"/>
      <line num="13" count="1" type="stmt"/>
      <line num="14" count="1" type="stmt"/>
      <line num="18" count="1" type="stmt"/>
      <line num="19" count="1" type="stmt"/>
      <line num="20" count="1" type="stmt"/>
      <line num="22" count="1" type="stmt"/>
      <line num="23" count="1" type="stmt"/>
      <line num="27" count="1" type="stmt"/>
      <line num="29" count="1" type="stmt"/>
      <line num="32" count="1" type="stmt"/>
      <line num="34" count="1" type="stmt"/>
      <line num="37" count="1" type="stmt"/>
      <line num="39" count="7" type="stmt"/>
      <line num="40" count="7" type="stmt"/>
      <line num="41" count="7" type="stmt"/>
      <line num="44" count="7" type="stmt"/>
      <line num="46" count="7" type="stmt"/>
      <line num="57" count="7" type="cond" truecount="1" falsecount="1"/>
      <line num="59" count="7" type="cond" truecount="2" falsecount="0"/>
      <line num="60" count="7" type="cond" truecount="2" falsecount="0"/>
      <line num="62" count="7" type="cond" truecount="2" falsecount="0"/>
      <line num="63" count="7" type="cond" truecount="2" falsecount="0"/>
    </file>
    <file name="Button.tsx" path="/Users/edermunhozsantos/workspace/monorepo-boilerplate/packages/ui-components/src/components/button/Button.tsx">
      <metrics statements="4" coveredstatements="4" conditionals="4" coveredconditionals="4" methods="1" coveredmethods="1"/>
      <line num="1" count="1" type="stmt"/>
      <line num="2" count="1" type="stmt"/>
      <line num="38" count="1" type="cond" truecount="4" falsecount="0"/>
      <line num="39" count="7" type="stmt"/>
    </file>
  </project>
</coverage>
