{"/Users/edermunhozsantos/workspace/monorepo-boilerplate/packages/ui-components/src/components/button/Button.style.tsx": {"path":"/Users/edermunhozsantos/workspace/monorepo-boilerplate/packages/ui-components/src/components/button/Button.style.tsx","statementMap":{"0":{"start":{"line":1,"column":0},"end":{"line":1,"column":47}},"1":{"start":{"line":3,"column":19},"end":{"line":6,"column":null}},"2":{"start":{"line":8,"column":22},"end":{"line":16,"column":null}},"3":{"start":{"line":9,"column":26},"end":{"line":9,"column":47}},"4":{"start":{"line":10,"column":31},"end":{"line":10,"column":53}},"5":{"start":{"line":11,"column":37},"end":{"line":11,"column":58}},"6":{"start":{"line":13,"column":28},"end":{"line":13,"column":50}},"7":{"start":{"line":14,"column":33},"end":{"line":14,"column":54}},"8":{"start":{"line":18,"column":19},"end":{"line":25,"column":null}},"9":{"start":{"line":19,"column":26},"end":{"line":19,"column":47}},"10":{"start":{"line":20,"column":31},"end":{"line":20,"column":53}},"11":{"start":{"line":22,"column":28},"end":{"line":22,"column":50}},"12":{"start":{"line":23,"column":33},"end":{"line":23,"column":54}},"13":{"start":{"line":27,"column":19},"end":{"line":30,"column":null}},"14":{"start":{"line":29,"column":30},"end":{"line":29,"column":54}},"15":{"start":{"line":32,"column":17},"end":{"line":35,"column":null}},"16":{"start":{"line":34,"column":30},"end":{"line":34,"column":54}},"17":{"start":{"line":37,"column":13},"end":{"line":64,"column":null}},"18":{"start":{"line":39,"column":30},"end":{"line":39,"column":54}},"19":{"start":{"line":40,"column":32},"end":{"line":40,"column":60}},"20":{"start":{"line":41,"column":26},"end":{"line":41,"column":48}},"21":{"start":{"line":44,"column":31},"end":{"line":44,"column":52}},"22":{"start":{"line":46,"column":34},"end":{"line":46,"column":69}},"23":{"start":{"line":57,"column":19},"end":{"line":57,"column":38}},"24":{"start":{"line":59,"column":22},"end":{"line":59,"column":47}},"25":{"start":{"line":60,"column":19},"end":{"line":60,"column":38}},"26":{"start":{"line":62,"column":18},"end":{"line":62,"column":48}},"27":{"start":{"line":63,"column":18},"end":{"line":63,"column":44}}},"fnMap":{"0":{"name":"(anonymous_6)","decl":{"start":{"line":9,"column":11},"end":{"line":9,"column":12}},"loc":{"start":{"line":9,"column":26},"end":{"line":9,"column":47}}},"1":{"name":"(anonymous_7)","decl":{"start":{"line":10,"column":16},"end":{"line":10,"column":17}},"loc":{"start":{"line":10,"column":31},"end":{"line":10,"column":53}}},"2":{"name":"(anonymous_8)","decl":{"start":{"line":11,"column":22},"end":{"line":11,"column":23}},"loc":{"start":{"line":11,"column":37},"end":{"line":11,"column":58}}},"3":{"name":"(anonymous_9)","decl":{"start":{"line":13,"column":13},"end":{"line":13,"column":14}},"loc":{"start":{"line":13,"column":28},"end":{"line":13,"column":50}}},"4":{"name":"(anonymous_10)","decl":{"start":{"line":14,"column":18},"end":{"line":14,"column":19}},"loc":{"start":{"line":14,"column":33},"end":{"line":14,"column":54}}},"5":{"name":"(anonymous_11)","decl":{"start":{"line":19,"column":11},"end":{"line":19,"column":12}},"loc":{"start":{"line":19,"column":26},"end":{"line":19,"column":47}}},"6":{"name":"(anonymous_12)","decl":{"start":{"line":20,"column":16},"end":{"line":20,"column":17}},"loc":{"start":{"line":20,"column":31},"end":{"line":20,"column":53}}},"7":{"name":"(anonymous_13)","decl":{"start":{"line":22,"column":13},"end":{"line":22,"column":14}},"loc":{"start":{"line":22,"column":28},"end":{"line":22,"column":50}}},"8":{"name":"(anonymous_14)","decl":{"start":{"line":23,"column":18},"end":{"line":23,"column":19}},"loc":{"start":{"line":23,"column":33},"end":{"line":23,"column":54}}},"9":{"name":"(anonymous_15)","decl":{"start":{"line":29,"column":15},"end":{"line":29,"column":16}},"loc":{"start":{"line":29,"column":30},"end":{"line":29,"column":54}}},"10":{"name":"(anonymous_16)","decl":{"start":{"line":34,"column":15},"end":{"line":34,"column":16}},"loc":{"start":{"line":34,"column":30},"end":{"line":34,"column":54}}},"11":{"name":"(anonymous_17)","decl":{"start":{"line":39,"column":15},"end":{"line":39,"column":16}},"loc":{"start":{"line":39,"column":30},"end":{"line":39,"column":54}}},"12":{"name":"(anonymous_18)","decl":{"start":{"line":40,"column":17},"end":{"line":40,"column":18}},"loc":{"start":{"line":40,"column":32},"end":{"line":40,"column":60}}},"13":{"name":"(anonymous_19)","decl":{"start":{"line":41,"column":11},"end":{"line":41,"column":12}},"loc":{"start":{"line":41,"column":26},"end":{"line":41,"column":48}}},"14":{"name":"(anonymous_20)","decl":{"start":{"line":44,"column":16},"end":{"line":44,"column":17}},"loc":{"start":{"line":44,"column":31},"end":{"line":44,"column":52}}},"15":{"name":"(anonymous_21)","decl":{"start":{"line":46,"column":19},"end":{"line":46,"column":20}},"loc":{"start":{"line":46,"column":34},"end":{"line":46,"column":69}}},"16":{"name":"(anonymous_22)","decl":{"start":{"line":57,"column":4},"end":{"line":57,"column":5}},"loc":{"start":{"line":57,"column":19},"end":{"line":57,"column":38}}},"17":{"name":"(anonymous_23)","decl":{"start":{"line":59,"column":4},"end":{"line":59,"column":5}},"loc":{"start":{"line":59,"column":22},"end":{"line":59,"column":47}}},"18":{"name":"(anonymous_24)","decl":{"start":{"line":60,"column":4},"end":{"line":60,"column":5}},"loc":{"start":{"line":60,"column":19},"end":{"line":60,"column":38}}},"19":{"name":"(anonymous_25)","decl":{"start":{"line":62,"column":4},"end":{"line":62,"column":5}},"loc":{"start":{"line":62,"column":18},"end":{"line":62,"column":48}}},"20":{"name":"(anonymous_26)","decl":{"start":{"line":63,"column":4},"end":{"line":63,"column":5}},"loc":{"start":{"line":63,"column":18},"end":{"line":63,"column":44}}}},"branchMap":{"0":{"loc":{"start":{"line":57,"column":19},"end":{"line":57,"column":24}},"type":"binary-expr","locations":[{"start":{"line":57,"column":19},"end":{"line":57,"column":24}},{"start":{"line":57,"column":28},"end":{"line":57,"column":38}}]},"1":{"loc":{"start":{"line":59,"column":22},"end":{"line":59,"column":30}},"type":"binary-expr","locations":[{"start":{"line":59,"column":22},"end":{"line":59,"column":30}},{"start":{"line":59,"column":34},"end":{"line":59,"column":47}}]},"2":{"loc":{"start":{"line":60,"column":19},"end":{"line":60,"column":24}},"type":"binary-expr","locations":[{"start":{"line":60,"column":19},"end":{"line":60,"column":24}},{"start":{"line":60,"column":28},"end":{"line":60,"column":38}}]},"3":{"loc":{"start":{"line":62,"column":18},"end":{"line":62,"column":34}},"type":"binary-expr","locations":[{"start":{"line":62,"column":18},"end":{"line":62,"column":34}},{"start":{"line":62,"column":38},"end":{"line":62,"column":48}}]},"4":{"loc":{"start":{"line":63,"column":18},"end":{"line":63,"column":32}},"type":"binary-expr","locations":[{"start":{"line":63,"column":18},"end":{"line":63,"column":32}},{"start":{"line":63,"column":36},"end":{"line":63,"column":44}}]}},"s":{"0":1,"1":1,"2":1,"3":1,"4":1,"5":1,"6":1,"7":1,"8":1,"9":1,"10":1,"11":1,"12":1,"13":1,"14":1,"15":1,"16":1,"17":1,"18":7,"19":7,"20":7,"21":7,"22":7,"23":7,"24":7,"25":7,"26":7,"27":7},"f":{"0":1,"1":1,"2":1,"3":1,"4":1,"5":1,"6":1,"7":1,"8":1,"9":1,"10":1,"11":7,"12":7,"13":7,"14":7,"15":7,"16":7,"17":7,"18":7,"19":7,"20":7},"b":{"0":[7,0],"1":[7,1],"2":[7,1],"3":[7,1],"4":[7,1]}}
,"/Users/edermunhozsantos/workspace/monorepo-boilerplate/packages/ui-components/src/components/button/Button.tsx": {"path":"/Users/edermunhozsantos/workspace/monorepo-boilerplate/packages/ui-components/src/components/button/Button.tsx","statementMap":{"0":{"start":{"line":1,"column":0},"end":{"line":1,"column":25}},"1":{"start":{"line":2,"column":0},"end":{"line":2,"column":35}},"2":{"start":{"line":38,"column":22},"end":{"line":41,"column":null}},"3":{"start":{"line":39,"column":2},"end":{"line":40,"column":null}},"4":{"start":{"line":38,"column":13},"end":{"line":38,"column":22}}},"fnMap":{"0":{"name":"(anonymous_7)","decl":{"start":{"line":38,"column":22},"end":{"line":38,"column":23}},"loc":{"start":{"line":39,"column":2},"end":{"line":40,"column":null}}}},"branchMap":{"0":{"loc":{"start":{"line":38,"column":52},"end":{"line":38,"column":61}},"type":"default-arg","locations":[{"start":{"line":38,"column":52},"end":{"line":38,"column":61}}]},"1":{"loc":{"start":{"line":38,"column":80},"end":{"line":38,"column":85}},"type":"default-arg","locations":[{"start":{"line":38,"column":80},"end":{"line":38,"column":85}}]},"2":{"loc":{"start":{"line":38,"column":98},"end":{"line":38,"column":103}},"type":"default-arg","locations":[{"start":{"line":38,"column":98},"end":{"line":38,"column":103}}]},"3":{"loc":{"start":{"line":38,"column":113},"end":{"line":38,"column":118}},"type":"default-arg","locations":[{"start":{"line":38,"column":113},"end":{"line":38,"column":118}}]}},"s":{"0":1,"1":1,"2":1,"3":7,"4":1},"f":{"0":7},"b":{"0":[5],"1":[7],"2":[6],"3":[6]}}
}
