{"/Users/edermunhozsantos/workspace/monorepo-boilerplate/packages/ui-components/src/button/Button.style.tsx": {"path":"/Users/edermunhozsantos/workspace/monorepo-boilerplate/packages/ui-components/src/button/Button.style.tsx","statementMap":{"0":{"start":{"line":3,"column":29},"end":{"line":37,"column":1}},"1":{"start":{"line":5,"column":32},"end":{"line":5,"column":61}},"2":{"start":{"line":6,"column":32},"end":{"line":6,"column":60}},"3":{"start":{"line":13,"column":28},"end":{"line":13,"column":47}},"4":{"start":{"line":14,"column":39},"end":{"line":14,"column":65}},"5":{"start":{"line":18,"column":28},"end":{"line":18,"column":49}},"6":{"start":{"line":25,"column":32},"end":{"line":25,"column":56}},"7":{"start":{"line":30,"column":32},"end":{"line":30,"column":56}},"8":{"start":{"line":35,"column":32},"end":{"line":35,"column":56}}},"fnMap":{"0":{"name":"(anonymous_0)","decl":{"start":{"line":5,"column":17},"end":{"line":5,"column":18}},"loc":{"start":{"line":5,"column":32},"end":{"line":5,"column":61}},"line":5},"1":{"name":"(anonymous_1)","decl":{"start":{"line":6,"column":17},"end":{"line":6,"column":18}},"loc":{"start":{"line":6,"column":32},"end":{"line":6,"column":60}},"line":6},"2":{"name":"(anonymous_2)","decl":{"start":{"line":13,"column":13},"end":{"line":13,"column":14}},"loc":{"start":{"line":13,"column":28},"end":{"line":13,"column":47}},"line":13},"3":{"name":"(anonymous_3)","decl":{"start":{"line":14,"column":24},"end":{"line":14,"column":25}},"loc":{"start":{"line":14,"column":39},"end":{"line":14,"column":65}},"line":14},"4":{"name":"(anonymous_4)","decl":{"start":{"line":18,"column":13},"end":{"line":18,"column":14}},"loc":{"start":{"line":18,"column":28},"end":{"line":18,"column":49}},"line":18},"5":{"name":"(anonymous_5)","decl":{"start":{"line":25,"column":17},"end":{"line":25,"column":18}},"loc":{"start":{"line":25,"column":32},"end":{"line":25,"column":56}},"line":25},"6":{"name":"(anonymous_6)","decl":{"start":{"line":30,"column":17},"end":{"line":30,"column":18}},"loc":{"start":{"line":30,"column":32},"end":{"line":30,"column":56}},"line":30},"7":{"name":"(anonymous_7)","decl":{"start":{"line":35,"column":17},"end":{"line":35,"column":18}},"loc":{"start":{"line":35,"column":32},"end":{"line":35,"column":56}},"line":35}},"branchMap":{},"s":{"0":1,"1":1,"2":1,"3":1,"4":1,"5":1,"6":1,"7":1,"8":1},"f":{"0":1,"1":1,"2":1,"3":1,"4":1,"5":1,"6":1,"7":1},"b":{},"_coverageSchema":"1a1c01bbd47fc00a2c39e90264f33305004495a9","hash":"2a626c4211419c76e98642b02a9309106a456436"}
,"/Users/edermunhozsantos/workspace/monorepo-boilerplate/packages/ui-components/src/button/Button.tsx": {"path":"/Users/edermunhozsantos/workspace/monorepo-boilerplate/packages/ui-components/src/button/Button.tsx","statementMap":{"0":{"start":{"line":23,"column":22},"end":{"line":34,"column":1}},"1":{"start":{"line":24,"column":15},"end":{"line":24,"column":84}},"2":{"start":{"line":25,"column":2},"end":{"line":33,"column":3}}},"fnMap":{"0":{"name":"(anonymous_0)","decl":{"start":{"line":23,"column":22},"end":{"line":23,"column":23}},"loc":{"start":{"line":23,"column":86},"end":{"line":34,"column":1}},"line":23}},"branchMap":{"0":{"loc":{"start":{"line":23,"column":34},"end":{"line":23,"column":49}},"type":"default-arg","locations":[{"start":{"line":23,"column":41},"end":{"line":23,"column":49}}],"line":23},"1":{"loc":{"start":{"line":24,"column":15},"end":{"line":24,"column":84}},"type":"cond-expr","locations":[{"start":{"line":24,"column":25},"end":{"line":24,"column":52}},{"start":{"line":24,"column":55},"end":{"line":24,"column":84}}],"line":24}},"s":{"0":1,"1":1,"2":1},"f":{"0":1},"b":{"0":[0],"1":[0,1]},"_coverageSchema":"1a1c01bbd47fc00a2c39e90264f33305004495a9","hash":"17cf2090b1c074adc6db8fcd8ddd4c66d33f782a"}
,"/Users/edermunhozsantos/workspace/monorepo-boilerplate/packages/ui-components/src/configs/test-utils.tsx": {"path":"/Users/edermunhozsantos/workspace/monorepo-boilerplate/packages/ui-components/src/configs/test-utils.tsx","statementMap":{"0":{"start":{"line":7,"column":24},"end":{"line":13,"column":1}},"1":{"start":{"line":8,"column":2},"end":{"line":12,"column":18}},"2":{"start":{"line":15,"column":21},"end":{"line":15,"column":101}},"3":{"start":{"line":15,"column":49},"end":{"line":15,"column":101}}},"fnMap":{"0":{"name":"(anonymous_0)","decl":{"start":{"line":7,"column":24},"end":{"line":7,"column":25}},"loc":{"start":{"line":8,"column":2},"end":{"line":12,"column":18}},"line":8},"1":{"name":"(anonymous_1)","decl":{"start":{"line":15,"column":21},"end":{"line":15,"column":22}},"loc":{"start":{"line":15,"column":49},"end":{"line":15,"column":101}},"line":15}},"branchMap":{},"s":{"0":1,"1":1,"2":1,"3":1},"f":{"0":1,"1":1},"b":{},"_coverageSchema":"1a1c01bbd47fc00a2c39e90264f33305004495a9","hash":"cd2db0d739c8f88234ac9c683fabf9bef8b40e58"}
}
