TN:
SF:src/components/button/Button.style.tsx
FN:9,(anonymous_6)
FN:10,(anonymous_7)
FN:11,(anonymous_8)
FN:13,(anonymous_9)
FN:14,(anonymous_10)
FN:19,(anonymous_11)
FN:20,(anonymous_12)
FN:22,(anonymous_13)
FN:23,(anonymous_14)
FN:29,(anonymous_15)
FN:34,(anonymous_16)
FN:39,(anonymous_17)
FN:40,(anonymous_18)
FN:41,(anonymous_19)
FN:44,(anonymous_20)
FN:46,(anonymous_21)
FN:57,(anonymous_22)
FN:59,(anonymous_23)
FN:60,(anonymous_24)
FN:62,(anonymous_25)
FN:63,(anonymous_26)
FNF:21
FNH:21
FNDA:1,(anonymous_6)
FNDA:1,(anonymous_7)
FNDA:1,(anonymous_8)
FNDA:1,(anonymous_9)
FNDA:1,(anonymous_10)
FNDA:1,(anonymous_11)
FNDA:1,(anonymous_12)
FNDA:1,(anonymous_13)
FNDA:1,(anonymous_14)
FNDA:1,(anonymous_15)
FNDA:1,(anonymous_16)
FNDA:7,(anonymous_17)
FNDA:7,(anonymous_18)
FNDA:7,(anonymous_19)
FNDA:7,(anonymous_20)
FNDA:7,(anonymous_21)
FNDA:7,(anonymous_22)
FNDA:7,(anonymous_23)
FNDA:7,(anonymous_24)
FNDA:7,(anonymous_25)
FNDA:7,(anonymous_26)
DA:1,1
DA:3,1
DA:8,1
DA:9,1
DA:10,1
DA:11,1
DA:13,1
DA:14,1
DA:18,1
DA:19,1
DA:20,1
DA:22,1
DA:23,1
DA:27,1
DA:29,1
DA:32,1
DA:34,1
DA:37,1
DA:39,7
DA:40,7
DA:41,7
DA:44,7
DA:46,7
DA:57,7
DA:59,7
DA:60,7
DA:62,7
DA:63,7
LF:28
LH:28
BRDA:57,0,0,7
BRDA:57,0,1,0
BRDA:59,1,0,7
BRDA:59,1,1,1
BRDA:60,2,0,7
BRDA:60,2,1,1
BRDA:62,3,0,7
BRDA:62,3,1,1
BRDA:63,4,0,7
BRDA:63,4,1,1
BRF:10
BRH:9
end_of_record
TN:
SF:src/components/button/Button.tsx
FN:38,(anonymous_7)
FNF:1
FNH:1
FNDA:7,(anonymous_7)
DA:1,1
DA:2,1
DA:38,1
DA:39,7
LF:4
LH:4
BRDA:38,0,0,5
BRDA:38,1,0,7
BRDA:38,2,0,6
BRDA:38,3,0,6
BRF:4
BRH:4
end_of_record
